\BOOKMARK [0][-]{chapter.1}{\376\377\0001\000\040\000N\000a\000m\000e\000s\000p\000a\000c\000e\000\040\000I\000n\000d\000e\000x}{}% 1
\BOOKMARK [1][-]{section.1.1}{\376\377\0001\000.\0001\000\040\000P\000a\000c\000k\000a\000g\000e\000s}{chapter.1}% 2
\BOOKMARK [0][-]{chapter.2}{\376\377\0002\000\040\000H\000i\000e\000r\000a\000r\000c\000h\000i\000c\000a\000l\000\040\000I\000n\000d\000e\000x}{}% 3
\BOOKMARK [1][-]{section.2.1}{\376\377\0002\000.\0001\000\040\000C\000l\000a\000s\000s\000\040\000H\000i\000e\000r\000a\000r\000c\000h\000y}{chapter.2}% 4
\BOOKMARK [0][-]{chapter.3}{\376\377\0003\000\040\000C\000l\000a\000s\000s\000\040\000I\000n\000d\000e\000x}{}% 5
\BOOKMARK [1][-]{section.3.1}{\376\377\0003\000.\0001\000\040\000C\000l\000a\000s\000s\000\040\000L\000i\000s\000t}{chapter.3}% 6
\BOOKMARK [0][-]{chapter.4}{\376\377\0004\000\040\000F\000i\000l\000e\000\040\000I\000n\000d\000e\000x}{}% 7
\BOOKMARK [1][-]{section.4.1}{\376\377\0004\000.\0001\000\040\000F\000i\000l\000e\000\040\000L\000i\000s\000t}{chapter.4}% 8
\BOOKMARK [0][-]{chapter.5}{\376\377\0005\000\040\000N\000a\000m\000e\000s\000p\000a\000c\000e\000\040\000D\000o\000c\000u\000m\000e\000n\000t\000a\000t\000i\000o\000n}{}% 9
\BOOKMARK [1][-]{section.5.1}{\376\377\0005\000.\0001\000\040\000P\000a\000c\000k\000a\000g\000e\000\040\000c\000a\000r\000r\000e\000n\000t\000i\000n\000g}{chapter.5}% 10
\BOOKMARK [1][-]{section.5.2}{\376\377\0005\000.\0002\000\040\000P\000a\000c\000k\000a\000g\000e\000\040\000c\000a\000r\000r\000e\000n\000t\000i\000n\000g\000.\000c\000l\000i\000e\000n\000t}{chapter.5}% 11
\BOOKMARK [1][-]{section.5.3}{\376\377\0005\000.\0003\000\040\000P\000a\000c\000k\000a\000g\000e\000\040\000c\000a\000r\000r\000e\000n\000t\000i\000n\000g\000.\000c\000l\000i\000e\000n\000t\000.\000g\000u\000i}{chapter.5}% 12
\BOOKMARK [1][-]{section.5.4}{\376\377\0005\000.\0004\000\040\000P\000a\000c\000k\000a\000g\000e\000\040\000c\000a\000r\000r\000e\000n\000t\000i\000n\000g\000.\000s\000e\000r\000v\000e\000r}{chapter.5}% 13
\BOOKMARK [1][-]{section.5.5}{\376\377\0005\000.\0005\000\040\000P\000a\000c\000k\000a\000g\000e\000\040\000c\000a\000r\000r\000e\000n\000t\000i\000n\000g\000.\000s\000e\000r\000v\000e\000r\000.\000j\000d\000o}{chapter.5}% 14
\BOOKMARK [1][-]{section.5.6}{\376\377\0005\000.\0006\000\040\000P\000a\000c\000k\000a\000g\000e\000\040\000e\000s}{chapter.5}% 15
\BOOKMARK [1][-]{section.5.7}{\376\377\0005\000.\0007\000\040\000P\000a\000c\000k\000a\000g\000e\000\040\000e\000s\000.\000d\000e\000u\000s\000t\000o}{chapter.5}% 16
\BOOKMARK [1][-]{section.5.8}{\376\377\0005\000.\0008\000\040\000P\000a\000c\000k\000a\000g\000e\000\040\000e\000s\000.\000d\000e\000u\000s\000t\000o\000.\000r\000m\000i}{chapter.5}% 17
\BOOKMARK [1][-]{section.5.9}{\376\377\0005\000.\0009\000\040\000P\000a\000c\000k\000a\000g\000e\000\040\000e\000s\000.\000d\000e\000u\000s\000t\000o\000.\000r\000m\000i\000.\000c\000a\000r\000r\000e\000n\000t\000i\000n\000g}{chapter.5}% 18
\BOOKMARK [0][-]{chapter.6}{\376\377\0006\000\040\000C\000l\000a\000s\000s\000\040\000D\000o\000c\000u\000m\000e\000n\000t\000a\000t\000i\000o\000n}{}% 19
\BOOKMARK [1][-]{section.6.1}{\376\377\0006\000.\0001\000\040\000c\000a\000r\000r\000e\000n\000t\000i\000n\000g\000.\000s\000e\000r\000v\000e\000r\000.\000j\000d\000o\000.\000C\000a\000r\000\040\000C\000l\000a\000s\000s\000\040\000R\000e\000f\000e\000r\000e\000n\000c\000e}{chapter.6}% 20
\BOOKMARK [2][-]{subsection.6.1.1}{\376\377\0006\000.\0001\000.\0001\000\040\000C\000o\000n\000s\000t\000r\000u\000c\000t\000o\000r\000\040\000\046\000\040\000D\000e\000s\000t\000r\000u\000c\000t\000o\000r\000\040\000D\000o\000c\000u\000m\000e\000n\000t\000a\000t\000i\000o\000n}{section.6.1}% 21
\BOOKMARK [3][-]{subsubsection.6.1.1.1}{\376\377\0006\000.\0001\000.\0001\000.\0001\000\040\000C\000a\000r\000\050\000\051}{subsection.6.1.1}% 22
\BOOKMARK [2][-]{subsection.6.1.2}{\376\377\0006\000.\0001\000.\0002\000\040\000M\000e\000m\000b\000e\000r\000\040\000F\000u\000n\000c\000t\000i\000o\000n\000\040\000D\000o\000c\000u\000m\000e\000n\000t\000a\000t\000i\000o\000n}{section.6.1}% 23
\BOOKMARK [3][-]{subsubsection.6.1.2.1}{\376\377\0006\000.\0001\000.\0002\000.\0001\000\040\000g\000e\000t\000B\000r\000a\000n\000d\000\050\000\051}{subsection.6.1.2}% 24
\BOOKMARK [3][-]{subsubsection.6.1.2.2}{\376\377\0006\000.\0001\000.\0002\000.\0002\000\040\000g\000e\000t\000G\000a\000r\000a\000g\000e\000\050\000\051}{subsection.6.1.2}% 25
\BOOKMARK [3][-]{subsubsection.6.1.2.3}{\376\377\0006\000.\0001\000.\0002\000.\0003\000\040\000g\000e\000t\000M\000o\000d\000e\000l\000\050\000\051}{subsection.6.1.2}% 26
\BOOKMARK [3][-]{subsubsection.6.1.2.4}{\376\377\0006\000.\0001\000.\0002\000.\0004\000\040\000g\000e\000t\000N\000u\000m\000P\000l\000a\000t\000e\000\050\000\051}{subsection.6.1.2}% 27
\BOOKMARK [3][-]{subsubsection.6.1.2.5}{\376\377\0006\000.\0001\000.\0002\000.\0005\000\040\000g\000e\000t\000P\000r\000i\000c\000e\000P\000e\000r\000D\000a\000y\000\050\000\051}{subsection.6.1.2}% 28
\BOOKMARK [3][-]{subsubsection.6.1.2.6}{\376\377\0006\000.\0001\000.\0002\000.\0006\000\040\000s\000e\000t\000B\000r\000a\000n\000d\000\050\000\051}{subsection.6.1.2}% 29
\BOOKMARK [3][-]{subsubsection.6.1.2.7}{\376\377\0006\000.\0001\000.\0002\000.\0007\000\040\000s\000e\000t\000G\000a\000r\000a\000g\000e\000\050\000\051}{subsection.6.1.2}% 30
\BOOKMARK [3][-]{subsubsection.6.1.2.8}{\376\377\0006\000.\0001\000.\0002\000.\0008\000\040\000s\000e\000t\000M\000o\000d\000e\000l\000\050\000\051}{subsection.6.1.2}% 31
\BOOKMARK [3][-]{subsubsection.6.1.2.9}{\376\377\0006\000.\0001\000.\0002\000.\0009\000\040\000s\000e\000t\000N\000u\000m\000P\000l\000a\000t\000e\000\050\000\051}{subsection.6.1.2}% 32
\BOOKMARK [3][-]{subsubsection.6.1.2.10}{\376\377\0006\000.\0001\000.\0002\000.\0001\0000\000\040\000s\000e\000t\000P\000r\000i\000c\000e\000P\000e\000r\000D\000a\000y\000\050\000\051}{subsection.6.1.2}% 33
\BOOKMARK [3][-]{subsubsection.6.1.2.11}{\376\377\0006\000.\0001\000.\0002\000.\0001\0001\000\040\000t\000o\000S\000t\000r\000i\000n\000g\000\050\000\051}{subsection.6.1.2}% 34
\BOOKMARK [2][-]{subsection.6.1.3}{\376\377\0006\000.\0001\000.\0003\000\040\000M\000e\000m\000b\000e\000r\000\040\000D\000a\000t\000a\000\040\000D\000o\000c\000u\000m\000e\000n\000t\000a\000t\000i\000o\000n}{section.6.1}% 35
\BOOKMARK [3][-]{subsubsection.6.1.3.1}{\376\377\0006\000.\0001\000.\0003\000.\0001\000\040\000b\000r\000a\000n\000d}{subsection.6.1.3}% 36
\BOOKMARK [3][-]{subsubsection.6.1.3.2}{\376\377\0006\000.\0001\000.\0003\000.\0002\000\040\000m\000o\000d\000e\000l}{subsection.6.1.3}% 37
\BOOKMARK [3][-]{subsubsection.6.1.3.3}{\376\377\0006\000.\0001\000.\0003\000.\0003\000\040\000n\000u\000m\000P\000l\000a\000t\000e}{subsection.6.1.3}% 38
\BOOKMARK [3][-]{subsubsection.6.1.3.4}{\376\377\0006\000.\0001\000.\0003\000.\0004\000\040\000p\000r\000i\000c\000e\000P\000e\000r\000D\000a\000y}{subsection.6.1.3}% 39
\BOOKMARK [1][-]{section.6.2}{\376\377\0006\000.\0002\000\040\000c\000a\000r\000r\000e\000n\000t\000i\000n\000g\000.\000s\000e\000r\000v\000e\000r\000.\000C\000a\000r\000R\000e\000n\000t\000i\000n\000g\000\040\000C\000l\000a\000s\000s\000\040\000R\000e\000f\000e\000r\000e\000n\000c\000e}{chapter.6}% 40
